Data_Gen_TAB
R1 = 1.048998e+03 kOhm
R2 = 2.055568e+03 kOhm
R3 = 3.060188e+03 kOhm
R4 = 4.168980e+03 kOhm
R5 = 3.073950e+03 kOhm
R6 = 2.042810e+03 kOhm
R7 = 1.037563e+03 kOhm
Vs = 5.114229e+00 V
C = 1.011550e-06 uF
Kb = 7.338555e-03 mS
Kd = 8.258180e+03 kOhm
Data_Gen_END
Voltages_Question_1_TAB
V1 = 5.114229e+00 V
V2 = 4.873694e+00 V
V3 = 4.380386e+00 V
V4 = 0.000000e+00 V
V5 = 4.906396e+00 V
V6 = 5.644102e+00 V
V7 = -1.935730e+00 V
V8 = -2.918905e+00 V
Voltages_Question_1_END
Currents_Question_1_TAB
I1 = -2.293000e-04 A
I2 = -2.399863e-04 A
I3 = -1.068631e-05 A
I4 = 1.176882e-03 A
I5 = -2.399863e-04 A
I6 = 9.475818e-04 A
I7 = 9.475818e-04 A
Is = -2.293000e-04 A
Ic = 0.000000e+00 A
Currents_Question_1_END
Voltages_Question_2_TAB
V1 = 0.000000e+00 V
V2 = 0.000000e+00 V
V3 = 0.000000e+00 V
V4 = 0.000000e+00 V
V5 = -5.941780e-17 V
V6 = 8.563007e+00 V
V7 = 0.000000e+00 V
V8 = 2.970890e-17 V
Ix = -2.785669e-03 A
Req = 3.073950e+03 Ohm
tau = 3.109455e-03 
Voltages_Question_2_END
V4 =

   1.00000 + 0.00000i
   0.95297 + 0.00000i
   0.85651 + 0.00000i
   0.00000 + 0.00000i
   0.95936 + 0.00000i
  -0.56637 - 0.08548i
  -0.37850 - 0.00000i
  -0.57074 - 0.00000i

Voltages_Amplitudes_TAB
V1 = 1.000000e+00 V
V2 = 9.529674e-01 V
V3 = 8.565095e-01 V
V4 = 0.000000e+00 V
V5 = 9.593618e-01 V
V6 = 5.727806e-01 V
V7 = 3.784988e-01 V
V8 = 5.707419e-01 V
Voltages_Amplitudes_END
Voltages_Phases_TAB
Phase 1 = 0.000000e+00 Radians
Phase 2 = 5.945769e-16 Radians
Phase 3 = 1.711774e-15 Radians
Phase 4 = 0.000000e+00 Radians
Phase 5 = 5.280845e-16 Radians
Phase 6 = -2.991803e+00 Radians
Phase 7 = -3.141593e+00 Radians
Phase 8 = -3.141593e+00 Radians
Voltages_Phases_END
A =  0.57278
